Y:\D2MAC_DATA\MI\PCH\OUTPOUR\SOFTWARE\OUTPOURDATALOGGER\DEBUG\OUTPOURDATALOGGER.EXE
Y:\D2MAC_DATA\mi\PCH\Outpour\Software\OutpourDataLogger\Debug\OutpourDataLogger.exp
Y:\D2MAC_DATA\mi\PCH\Outpour\Software\outpourDataLogger\Debug\OutpourDataLogger.ilk
Y:\D2MAC_DATA\mi\PCH\Outpour\Software\OutpourDataLogger\Debug\OutpourDataLogger.lib
Y:\D2MAC_DATA\MI\PCH\OUTPOUR\SOFTWARE\OUTPOURDATALOGGER\DEBUG\OUTPOURDATALOGGER.PDB
Y:\D2MAC_DATA\mi\PCH\Outpour\Software\outpourDataLogger\OutpourDataLogger\Debug\cl.command.1.tlog
Y:\D2MAC_DATA\mi\PCH\Outpour\Software\outpourDataLogger\OutpourDataLogger\Debug\cl.read.1.tlog
Y:\D2MAC_DATA\mi\PCH\Outpour\Software\outpourDataLogger\OutpourDataLogger\Debug\cl.write.1.tlog
Y:\D2MAC_DATA\MI\PCH\OUTPOUR\SOFTWARE\OUTPOURDATALOGGER\OUTPOURDATALOGGER\DEBUG\CRC8.OBJ
Y:\D2MAC_DATA\MI\PCH\OUTPOUR\SOFTWARE\OUTPOURDATALOGGER\OUTPOURDATALOGGER\DEBUG\DATALOGGER_COMM.OBJ
Y:\D2MAC_DATA\MI\PCH\OUTPOUR\SOFTWARE\OUTPOURDATALOGGER\OUTPOURDATALOGGER\DEBUG\DATALOGGER_EXEC.OBJ
Y:\D2MAC_DATA\MI\PCH\OUTPOUR\SOFTWARE\OUTPOURDATALOGGER\OUTPOURDATALOGGER\DEBUG\DATALOGGER_TIMER.OBJ
Y:\D2MAC_DATA\MI\PCH\OUTPOUR\SOFTWARE\OUTPOURDATALOGGER\OUTPOURDATALOGGER\DEBUG\GETOPT.OBJ
Y:\D2MAC_DATA\mi\PCH\Outpour\Software\outpourDataLogger\OutpourDataLogger\Debug\link.command.1.tlog
Y:\D2MAC_DATA\mi\PCH\Outpour\Software\outpourDataLogger\OutpourDataLogger\Debug\link.read.1.tlog
Y:\D2MAC_DATA\mi\PCH\Outpour\Software\outpourDataLogger\OutpourDataLogger\Debug\link.write.1.tlog
Y:\D2MAC_DATA\MI\PCH\OUTPOUR\SOFTWARE\OUTPOURDATALOGGER\OUTPOURDATALOGGER\DEBUG\MAIN.OBJ
Y:\D2MAC_DATA\mi\PCH\Outpour\Software\outpourDataLogger\OutpourDataLogger\Debug\mt.command.1.tlog
Y:\D2MAC_DATA\mi\PCH\Outpour\Software\outpourDataLogger\OutpourDataLogger\Debug\mt.read.1.tlog
Y:\D2MAC_DATA\mi\PCH\Outpour\Software\outpourDataLogger\OutpourDataLogger\Debug\mt.write.1.tlog
Y:\D2MAC_DATA\mi\PCH\Outpour\Software\outpourDataLogger\OutpourDataLogger\Debug\OutpourDataLogger.exe.intermediate.manifest
Y:\D2MAC_DATA\mi\PCH\Outpour\Software\outpourDataLogger\OutpourDataLogger\Debug\OutpourDataLogger.write.1.tlog
Y:\D2MAC_DATA\mi\PCH\Outpour\Software\outpourDataLogger\OutpourDataLogger\Debug\vc100.idb
Y:\D2MAC_DATA\MI\PCH\OUTPOUR\SOFTWARE\OUTPOURDATALOGGER\OUTPOURDATALOGGER\DEBUG\VC100.PDB
Y:\D2MAC_DATA\MI\PCH\OUTPOUR\SOFTWARE\OUTPOURDATALOGGER\OUTPOURDATALOGGER\DEBUG\WSC32.OBJ
