Y:\D2MAC_DATA\mi\PCH\Outpour\Software\outpourDataLogger\OutpourDataLogger\Release\cl.command.1.tlog
Y:\D2MAC_DATA\mi\PCH\Outpour\Software\outpourDataLogger\OutpourDataLogger\Release\cl.read.1.tlog
Y:\D2MAC_DATA\mi\PCH\Outpour\Software\outpourDataLogger\OutpourDataLogger\Release\cl.write.1.tlog
Y:\D2MAC_DATA\MI\PCH\OUTPOUR\SOFTWARE\OUTPOURDATALOGGER\OUTPOURDATALOGGER\RELEASE\CRC8.OBJ
Y:\D2MAC_DATA\MI\PCH\OUTPOUR\SOFTWARE\OUTPOURDATALOGGER\OUTPOURDATALOGGER\RELEASE\DATALOGGER_COMM.OBJ
Y:\D2MAC_DATA\MI\PCH\OUTPOUR\SOFTWARE\OUTPOURDATALOGGER\OUTPOURDATALOGGER\RELEASE\DATALOGGER_EXEC.OBJ
Y:\D2MAC_DATA\MI\PCH\OUTPOUR\SOFTWARE\OUTPOURDATALOGGER\OUTPOURDATALOGGER\RELEASE\DATALOGGER_TIMER.OBJ
Y:\D2MAC_DATA\mi\PCH\Outpour\Software\outpourDataLogger\OutpourDataLogger\Release\getopt.obj
Y:\D2MAC_DATA\mi\PCH\Outpour\Software\outpourDataLogger\OutpourDataLogger\Release\link.command.1.tlog
Y:\D2MAC_DATA\mi\PCH\Outpour\Software\outpourDataLogger\OutpourDataLogger\Release\link.read.1.tlog
Y:\D2MAC_DATA\mi\PCH\Outpour\Software\outpourDataLogger\OutpourDataLogger\Release\link.write.1.tlog
Y:\D2MAC_DATA\MI\PCH\OUTPOUR\SOFTWARE\OUTPOURDATALOGGER\OUTPOURDATALOGGER\RELEASE\MAIN.OBJ
Y:\D2MAC_DATA\mi\PCH\Outpour\Software\outpourDataLogger\OutpourDataLogger\Release\mt.command.1.tlog
Y:\D2MAC_DATA\mi\PCH\Outpour\Software\outpourDataLogger\OutpourDataLogger\Release\mt.read.1.tlog
Y:\D2MAC_DATA\mi\PCH\Outpour\Software\outpourDataLogger\OutpourDataLogger\Release\mt.write.1.tlog
Y:\D2MAC_DATA\MI\PCH\OUTPOUR\SOFTWARE\OUTPOURDATALOGGER\OUTPOURDATALOGGER\RELEASE\OPLOGGER.EXE.INTERMEDIATE.MANIFEST
Y:\D2MAC_DATA\mi\PCH\Outpour\Software\outpourDataLogger\OutpourDataLogger\Release\OutpourDataLogger.write.1.tlog
Y:\D2MAC_DATA\MI\PCH\OUTPOUR\SOFTWARE\OUTPOURDATALOGGER\OUTPOURDATALOGGER\RELEASE\VC100.PDB
Y:\D2MAC_DATA\mi\PCH\Outpour\Software\outpourDataLogger\OutpourDataLogger\Release\wsc32.obj
Y:\D2MAC_DATA\MI\PCH\OUTPOUR\SOFTWARE\OUTPOURDATALOGGER\RELEASE\OPLOGGER.EXE
Y:\D2MAC_DATA\mi\PCH\Outpour\Software\outpourDataLogger\Release\opLogger.exp
Y:\D2MAC_DATA\mi\PCH\Outpour\Software\outpourDataLogger\Release\opLogger.lib
Y:\D2MAC_DATA\MI\PCH\OUTPOUR\SOFTWARE\OUTPOURDATALOGGER\RELEASE\OPLOGGER.PDB
